TN:
SF:src/1_TokenWIthSanctions.sol
FN:34,TokenWithSanctions.addSanctionForAddress
FNDA:4,TokenWithSanctions.addSanctionForAddress
DA:35,4
BRDA:35,0,0,-
BRDA:35,0,1,4
DA:37,4
DA:39,4
FN:47,TokenWithSanctions.removeSanctionForAddress
FNDA:2,TokenWithSanctions.removeSanctionForAddress
DA:48,2
DA:50,2
FN:57,TokenWithSanctions.isAddressSanctioned
FNDA:5,TokenWithSanctions.isAddressSanctioned
DA:58,5
FN:67,TokenWithSanctions._beforeTokenTransfer
FNDA:9,TokenWithSanctions._beforeTokenTransfer
DA:68,9
DA:70,9
BRDA:70,1,0,2
BRDA:70,1,1,7
DA:71,7
BRDA:71,2,0,2
BRDA:71,2,1,5
FNF:4
FNH:4
LF:9
LH:9
BRF:6
BRH:5
end_of_record
TN:
SF:src/1_TokenWithSanctions.sol
FN:34,TokenWithSanctions.addSanctionForAddress
FNDA:0,TokenWithSanctions.addSanctionForAddress
DA:35,0
BRDA:35,0,0,-
BRDA:35,0,1,-
DA:37,0
DA:39,0
FN:47,TokenWithSanctions.removeSanctionForAddress
FNDA:0,TokenWithSanctions.removeSanctionForAddress
DA:48,0
DA:50,0
FN:57,TokenWithSanctions.isAddressSanctioned
FNDA:0,TokenWithSanctions.isAddressSanctioned
DA:58,0
FN:67,TokenWithSanctions._beforeTokenTransfer
FNDA:0,TokenWithSanctions._beforeTokenTransfer
DA:68,0
DA:70,0
BRDA:70,1,0,-
BRDA:70,1,1,-
DA:71,0
BRDA:71,2,0,-
BRDA:71,2,1,-
FNF:4
FNH:0
LF:9
LH:0
BRF:6
BRH:0
end_of_record
TN:
SF:src/2_TokenWIthGodMode.sol
FN:39,TokenWIthGodMode.setGodModeAddress
FNDA:4,TokenWIthGodMode.setGodModeAddress
DA:40,4
BRDA:40,0,0,-
BRDA:40,0,1,4
DA:42,4
FN:49,TokenWIthGodMode.resetGodModeAddress
FNDA:1,TokenWIthGodMode.resetGodModeAddress
DA:50,1
FN:59,TokenWIthGodMode.godModeTransfer
FNDA:2,TokenWIthGodMode.godModeTransfer
DA:60,1
FNF:3
FNH:3
LF:4
LH:4
BRF:2
BRH:1
end_of_record
TN:
SF:src/3_LinearBondingCurve.sol
FN:40,LinearBondingCurve.buy
FNDA:7,LinearBondingCurve.buy
DA:41,7
BRDA:41,0,0,-
BRDA:41,0,1,7
DA:43,7
DA:44,7
BRDA:44,1,0,1
BRDA:44,1,1,6
DA:46,6
DA:48,6
FN:56,LinearBondingCurve.sell
FNDA:2,LinearBondingCurve.sell
DA:57,2
BRDA:57,2,0,-
BRDA:57,2,1,2
DA:58,2
BRDA:58,3,0,1
BRDA:58,3,1,1
DA:60,1
DA:62,1
DA:64,1
DA:66,1
DA:67,1
BRDA:67,4,0,-
BRDA:67,4,1,1
FN:74,LinearBondingCurve.calculatePurchaseCost
FNDA:7,LinearBondingCurve.calculatePurchaseCost
DA:75,14
BRDA:75,5,0,-
BRDA:75,5,1,14
DA:77,14
DA:78,14
DA:79,14
DA:81,14
DA:82,14
DA:83,14
FN:90,LinearBondingCurve.calculateSaleReturn
FNDA:1,LinearBondingCurve.calculateSaleReturn
DA:91,3
BRDA:91,6,0,-
BRDA:91,6,1,3
DA:93,3
DA:94,3
DA:95,3
DA:97,3
DA:98,3
DA:99,3
FN:105,LinearBondingCurve.getCurrentPrice
FNDA:1,LinearBondingCurve.getCurrentPrice
DA:106,1
FN:114,LinearBondingCurve.getPriceForSupply
FNDA:0,LinearBondingCurve.getPriceForSupply
DA:115,35
FN:122,LinearBondingCurve.onTransferReceived
FNDA:2,LinearBondingCurve.onTransferReceived
DA:127,2
BRDA:127,7,0,1
BRDA:127,7,1,1
DA:129,1
DA:131,1
DA:132,1
DA:133,1
DA:134,1
BRDA:134,8,0,-
BRDA:134,8,1,1
DA:136,1
FN:142,LinearBondingCurve.supportsInterface
FNDA:0,LinearBondingCurve.supportsInterface
DA:143,0
FNF:8
FNH:6
LF:36
LH:35
BRF:18
BRH:12
end_of_record
TN:
SF:src/4_EScrow.sol
FN:48,EScrow.withdraw
FNDA:5,EScrow.withdraw
DA:49,5
DA:51,5
BRDA:51,0,0,1
BRDA:51,0,1,4
DA:52,4
BRDA:52,1,0,1
BRDA:52,1,1,3
DA:53,3
BRDA:53,2,0,1
BRDA:53,2,1,2
DA:55,2
BRDA:55,3,0,-
BRDA:55,3,1,2
DA:57,2
DA:59,2
DA:61,2
DA:63,2
FN:71,EScrow.onTransferReceived
FNDA:5,EScrow.onTransferReceived
DA:77,5
BRDA:77,4,0,-
BRDA:77,4,1,5
DA:78,5
BRDA:78,5,0,-
BRDA:78,5,1,5
DA:82,5
BRDA:82,6,0,-
BRDA:82,6,1,5
DA:84,5
DA:85,5
DA:87,5
DA:88,5
DA:89,5
DA:90,5
DA:91,5
DA:92,5
DA:94,5
DA:96,5
FN:102,EScrow.supportsInterface
FNDA:0,EScrow.supportsInterface
DA:103,0
FN:109,EScrow.emergencyWithdrawToken
FNDA:0,EScrow.emergencyWithdrawToken
DA:110,0
BRDA:110,7,0,-
BRDA:110,7,1,-
DA:112,0
FNF:4
FNH:2
LF:25
LH:22
BRF:16
BRH:10
end_of_record
