TN:
SF:script/Counter.s.sol
FN:7,CounterScript.setUp
FNDA:0,CounterScript.setUp
FN:9,CounterScript.run
FNDA:0,CounterScript.run
DA:10,0
FNF:2
FNH:0
LF:1
LH:0
BRF:0
BRH:0
end_of_record
TN:
SF:src/1_NftWithMerkleAndRoyalties.sol
FN:55,NftWithMerkleAndRoyalties.preSaleMint
FNDA:67,NftWithMerkleAndRoyalties.preSaleMint
DA:60,67
BRDA:60,0,0,2
BRDA:60,0,1,65
DA:68,65
BRDA:68,1,0,1
BRDA:68,1,1,64
DA:69,64
BRDA:69,2,0,1
BRDA:69,2,1,63
DA:70,63
DA:71,63
BRDA:71,3,0,1
BRDA:71,3,1,62
DA:73,62
DA:75,62
DA:77,62
DA:79,62
DA:81,62
FN:88,NftWithMerkleAndRoyalties.mint
FNDA:3,NftWithMerkleAndRoyalties.mint
DA:89,3
BRDA:89,4,0,1
BRDA:89,4,1,2
DA:90,2
DA:91,2
BRDA:91,5,0,1
BRDA:91,5,1,1
DA:94,1
DA:96,1
DA:98,1
FN:104,NftWithMerkleAndRoyalties.supportsInterface
FNDA:0,NftWithMerkleAndRoyalties.supportsInterface
DA:105,0
FNF:3
FNH:2
LF:17
LH:16
BRF:12
BRH:12
end_of_record
TN:
SF:src/2_NftStakingToken.sol
FN:27,NftStakingToken.mint
FNDA:15,NftStakingToken.mint
DA:28,15
BRDA:28,0,0,-
BRDA:28,0,1,15
DA:29,15
DA:30,15
BRDA:30,1,0,-
BRDA:30,1,1,15
DA:33,15
DA:35,15
DA:37,15
FN:40,NftStakingToken.withdrawEther
FNDA:0,NftStakingToken.withdrawEther
DA:41,0
DA:42,0
BRDA:42,2,0,-
BRDA:42,2,1,-
FNF:2
FNH:1
LF:8
LH:6
BRF:6
BRH:2
end_of_record
TN:
SF:src/2_RewardToken.sol
FN:46,RewardToken.mint
FNDA:4,RewardToken.mint
DA:47,4
BRDA:47,0,0,-
BRDA:47,0,1,4
DA:48,4
BRDA:48,1,0,-
BRDA:48,1,1,4
DA:50,4
DA:51,4
FNF:1
FNH:1
LF:4
LH:4
BRF:4
BRH:2
end_of_record
TN:
SF:src/2_StakeAndGetReward.sol
FN:53,StakeAndGetReward.stake
FNDA:10,StakeAndGetReward.stake
DA:54,10
BRDA:54,0,0,1
BRDA:54,0,1,9
DA:55,9
BRDA:55,1,0,1
BRDA:55,1,1,8
DA:58,8
BRDA:58,2,0,1
BRDA:58,2,1,7
DA:60,7
DA:61,7
DA:62,7
FN:69,StakeAndGetReward.unstake
FNDA:4,StakeAndGetReward.unstake
DA:70,4
DA:71,4
BRDA:71,3,0,1
BRDA:71,3,1,3
DA:72,3
DA:74,3
DA:75,3
BRDA:75,4,0,-
BRDA:75,4,1,2
DA:76,2
DA:78,3
DA:80,3
DA:81,3
FN:88,StakeAndGetReward.collectReward
FNDA:4,StakeAndGetReward.collectReward
DA:89,4
DA:90,4
BRDA:90,5,0,1
BRDA:90,5,1,3
DA:91,3
DA:92,3
BRDA:92,6,0,1
BRDA:92,6,1,2
DA:94,2
DA:95,2
DA:97,2
DA:98,2
FN:101,StakeAndGetReward.onERC721Received
FNDA:12,StakeAndGetReward.onERC721Received
DA:106,12
BRDA:106,7,0,-
BRDA:106,7,1,12
DA:111,12
DA:113,12
DA:114,12
DA:116,12
FN:123,StakeAndGetReward.calculateReward
FNDA:8,StakeAndGetReward.calculateReward
DA:124,14
DA:125,14
BRDA:125,8,0,1
BRDA:125,8,1,13
DA:127,13
DA:129,13
FN:136,StakeAndGetReward.setRewardTokenContract
FNDA:3,StakeAndGetReward.setRewardTokenContract
DA:137,3
BRDA:137,9,0,1
BRDA:137,9,1,2
DA:140,2
BRDA:140,10,0,1
BRDA:140,10,1,1
DA:145,1
FN:151,StakeAndGetReward.supportsInterface
FNDA:3,StakeAndGetReward.supportsInterface
DA:152,3
FNF:7
FNH:7
LF:36
LH:36
BRF:22
BRH:20
end_of_record
TN:
SF:src/3_NftNumerable.sol
FN:25,NftNumerable.mint
FNDA:20,NftNumerable.mint
DA:26,20
BRDA:26,0,0,-
BRDA:26,0,1,20
DA:27,20
DA:28,20
BRDA:28,1,0,-
BRDA:28,1,1,20
DA:31,20
DA:33,20
DA:35,20
FN:38,NftNumerable.withdrawEther
FNDA:0,NftNumerable.withdrawEther
DA:39,0
DA:40,0
BRDA:40,2,0,-
BRDA:40,2,1,-
FNF:2
FNH:1
LF:8
LH:6
BRF:6
BRH:2
end_of_record
TN:
SF:src/3_NftNumerableHelper.sol
FN:35,NftNumerableHelper.primeNumberTokenIdsForOwner
FNDA:1,NftNumerableHelper.primeNumberTokenIdsForOwner
DA:36,1
BRDA:36,0,0,-
BRDA:36,0,1,1
DA:38,1
DA:39,1
DA:41,1
DA:42,20
DA:44,20
BRDA:44,1,0,8
BRDA:44,1,1,20
DA:45,8
FN:56,NftNumerableHelper.isPrime
FNDA:1,NftNumerableHelper.isPrime
DA:57,21
BRDA:57,2,0,1
BRDA:57,2,1,20
DA:58,1
DA:60,20
BRDA:60,3,0,1
BRDA:60,3,1,19
DA:61,1
DA:64,19
FN:70,NftNumerableHelper.expmod
FNDA:19,NftNumerableHelper.expmod
DA:81,19
BRDA:81,4,0,-
DA:83,19
FNF:3
FNH:3
LF:14
LH:14
BRF:9
BRH:7
end_of_record
