TN:
SF:/Users/mozzer/development/blockchain/mozzer-rareskills-solidity-bootcamp/4_week/5_TokenWhaleChallenge/echinda/TokenWhaleChallenge.sol
DA:3,0
DA:6,0
DA:7,71
DA:8,91
DA:10,196
DA:11,196
DA:12,39
DA:14,0
DA:15,0
DA:16,0
DA:17,0
DA:20,30
DA:21,34
DA:26,4
DA:27,31
DA:28,31
DA:30,26
DA:33,48
DA:34,29
DA:35,45
DA:37,6
DA:46,48
DA:47,40
DA:48,26
DA:51,60
DA:52,29
DA:53,45
DA:54,46
DA:56,48
DA:57,6
end_of_record

SF:/Users/mozzer/development/blockchain/mozzer-rareskills-solidity-bootcamp/4_week/5_TokenWhaleChallenge/echinda/TokenWhaleChallengeEchidna.sol
DA:7,100
DA:8,40
DA:10,0
DA:12,0
DA:13,0
DA:16,48
DA:20,8
end_of_record

